2025-01-28 20:58:07,514 - INFO - ====== WebDriver manager ======
2025-01-28 20:58:08,532 - INFO - Get LATEST chromedriver version for google-chrome
2025-01-28 20:58:08,557 - INFO - Get LATEST chromedriver version for google-chrome
2025-01-28 20:58:08,576 - INFO - Driver [C:\Users\slaye\.wdm\drivers\chromedriver\win64\132.0.6834.110\chromedriver-win32/chromedriver.exe] found in cache
2025-01-28 20:58:10,114 - INFO - 접속 중: https://www.theverge.com/archives/elon-musk/2017/1
2025-01-28 20:58:17,371 - INFO - 페이지 2017-1의 7개 기사 수집 완료.
2025-01-28 20:58:20,371 - INFO - 접속 중: https://www.theverge.com/archives/elon-musk/2017/2
2025-01-28 20:58:28,726 - WARNING - 캡차가 감지되었습니다. 수동으로 해결해주세요.
2025-01-28 21:00:31,419 - INFO - 페이지 2017-2의 17개 기사 수집 완료.
2025-01-28 21:00:34,429 - INFO - 접속 중: https://www.theverge.com/archives/elon-musk/2017/3
2025-01-28 21:00:45,513 - WARNING - 캡차가 감지되었습니다. 수동으로 해결해주세요.
2025-01-28 21:00:52,375 - INFO - 페이지 2017-3의 6개 기사 수집 완료.
2025-01-28 21:00:55,376 - INFO - 접속 중: https://www.theverge.com/archives/elon-musk/2017/4
2025-01-28 21:01:03,616 - WARNING - 캡차가 감지되었습니다. 수동으로 해결해주세요.
2025-01-28 21:01:29,310 - INFO - ====== WebDriver manager ======
2025-01-28 21:01:30,172 - INFO - Get LATEST chromedriver version for google-chrome
2025-01-28 21:01:30,191 - INFO - Get LATEST chromedriver version for google-chrome
2025-01-28 21:01:30,199 - INFO - Driver [C:\Users\slaye\.wdm\drivers\chromedriver\win64\132.0.6834.110\chromedriver-win32/chromedriver.exe] found in cache
2025-01-28 21:01:31,387 - INFO - 접속 중: https://www.theverge.com/archives/elon-musk/2017/1
2025-01-28 21:01:38,855 - INFO - 페이지 2017-1의 7개 기사 수집 완료.
2025-01-28 21:01:41,857 - INFO - 접속 중: https://www.theverge.com/archives/elon-musk/2017/2
2025-01-28 21:01:47,890 - INFO - 페이지 2017-2의 17개 기사 수집 완료.
2025-01-28 21:01:50,899 - INFO - 접속 중: https://www.theverge.com/archives/elon-musk/2017/3
2025-01-28 21:02:21,404 - INFO - 페이지 2017-3의 6개 기사 수집 완료.
2025-01-28 21:02:24,410 - INFO - 접속 중: https://www.theverge.com/archives/elon-musk/2017/4
2025-01-28 21:02:35,607 - INFO - 페이지 2017-4의 6개 기사 수집 완료.
2025-01-28 21:02:38,612 - INFO - 접속 중: https://www.theverge.com/archives/elon-musk/2017/5
2025-01-28 21:02:45,697 - INFO - 페이지 2017-5의 10개 기사 수집 완료.
2025-01-28 21:02:48,703 - INFO - 접속 중: https://www.theverge.com/archives/elon-musk/2017/6
2025-01-28 21:02:55,577 - INFO - 페이지 2017-6의 4개 기사 수집 완료.
2025-01-28 21:02:58,586 - INFO - 접속 중: https://www.theverge.com/archives/elon-musk/2017/7
2025-01-28 21:03:11,048 - INFO - 페이지 2017-7의 15개 기사 수집 완료.
2025-01-28 21:03:14,052 - INFO - 접속 중: https://www.theverge.com/archives/elon-musk/2017/8
2025-01-28 21:03:21,200 - INFO - 페이지 2017-8의 13개 기사 수집 완료.
2025-01-28 21:03:24,208 - INFO - 접속 중: https://www.theverge.com/archives/elon-musk/2017/9
2025-01-28 21:03:31,239 - INFO - 페이지 2017-9의 11개 기사 수집 완료.
2025-01-28 21:03:34,240 - INFO - 접속 중: https://www.theverge.com/archives/elon-musk/2017/10
2025-01-28 21:03:41,193 - INFO - 페이지 2017-10의 7개 기사 수집 완료.
2025-01-28 21:03:44,203 - INFO - 접속 중: https://www.theverge.com/archives/elon-musk/2017/11
2025-01-28 21:04:04,908 - INFO - 페이지 2017-11의 4개 기사 수집 완료.
2025-01-28 21:04:04,916 - INFO - 2017_11 데이터 저장 완료.
2025-01-28 21:04:07,920 - INFO - 접속 중: https://www.theverge.com/archives/elon-musk/2017/12
2025-01-28 21:04:19,556 - INFO - 페이지 2017-12의 8개 기사 수집 완료.
2025-01-28 21:04:22,561 - INFO - 접속 중: https://www.theverge.com/archives/elon-musk/2018/1
2025-01-28 21:04:37,047 - INFO - 페이지 2018-1의 4개 기사 수집 완료.
2025-01-28 21:04:40,054 - INFO - 접속 중: https://www.theverge.com/archives/elon-musk/2018/2
2025-01-28 21:04:47,339 - INFO - 페이지 2018-2의 15개 기사 수집 완료.
2025-01-28 21:04:50,348 - INFO - 접속 중: https://www.theverge.com/archives/elon-musk/2018/3
2025-01-28 21:04:57,374 - INFO - 페이지 2018-3의 9개 기사 수집 완료.
2025-01-28 21:05:00,379 - INFO - 접속 중: https://www.theverge.com/archives/elon-musk/2018/4
2025-01-28 21:05:07,783 - INFO - 페이지 2018-4의 5개 기사 수집 완료.
2025-01-28 21:05:10,784 - INFO - 접속 중: https://www.theverge.com/archives/elon-musk/2018/5
2025-01-28 21:05:17,895 - INFO - 페이지 2018-5의 9개 기사 수집 완료.
2025-01-28 21:05:20,897 - INFO - 접속 중: https://www.theverge.com/archives/elon-musk/2018/6
2025-01-28 21:05:51,063 - INFO - 페이지 2018-6의 11개 기사 수집 완료.
2025-01-28 21:05:54,065 - INFO - 접속 중: https://www.theverge.com/archives/elon-musk/2018/7
2025-01-28 21:06:26,170 - INFO - 페이지 2018-7의 9개 기사 수집 완료.
2025-01-28 21:06:29,171 - INFO - 접속 중: https://www.theverge.com/archives/elon-musk/2018/8
2025-01-28 21:07:18,309 - INFO - 페이지 2018-8의 9개 기사 수집 완료.
2025-01-28 21:07:21,313 - INFO - 접속 중: https://www.theverge.com/archives/elon-musk/2018/9
2025-01-28 21:07:57,115 - INFO - 페이지 2018-9의 17개 기사 수집 완료.
2025-01-28 21:08:00,124 - INFO - 접속 중: https://www.theverge.com/archives/elon-musk/2018/10
2025-01-28 21:08:13,595 - INFO - 페이지 2018-10의 8개 기사 수집 완료.
2025-01-28 21:08:13,595 - INFO - 2018_10 데이터 저장 완료.
2025-01-28 21:08:16,603 - INFO - 접속 중: https://www.theverge.com/archives/elon-musk/2018/11
2025-01-28 21:08:23,596 - INFO - 페이지 2018-11의 7개 기사 수집 완료.
2025-01-28 21:08:26,602 - INFO - 접속 중: https://www.theverge.com/archives/elon-musk/2018/12
2025-01-28 21:08:34,521 - INFO - 페이지 2018-12의 7개 기사 수집 완료.
2025-01-28 21:08:37,523 - INFO - 접속 중: https://www.theverge.com/archives/elon-musk/2019/1
2025-01-28 21:08:43,224 - INFO - 페이지 2019-1의 2개 기사 수집 완료.
2025-01-28 21:08:46,226 - INFO - 접속 중: https://www.theverge.com/archives/elon-musk/2019/2
2025-01-28 21:08:53,248 - INFO - 페이지 2019-2의 5개 기사 수집 완료.
2025-01-28 21:08:56,253 - INFO - 접속 중: https://www.theverge.com/archives/elon-musk/2019/3
2025-01-28 21:09:03,399 - INFO - 페이지 2019-3의 16개 기사 수집 완료.
2025-01-28 21:09:06,400 - INFO - 접속 중: https://www.theverge.com/archives/elon-musk/2019/4
2025-01-28 21:09:36,554 - INFO - 페이지 2019-4의 11개 기사 수집 완료.
2025-01-28 21:09:39,556 - INFO - 접속 중: https://www.theverge.com/archives/elon-musk/2019/5
2025-01-28 21:10:11,273 - INFO - 페이지 2019-5의 4개 기사 수집 완료.
2025-01-28 21:10:14,274 - INFO - 접속 중: https://www.theverge.com/archives/elon-musk/2019/6
2025-01-28 21:10:23,906 - INFO - 페이지 2019-6의 3개 기사 수집 완료.
2025-01-28 21:10:26,909 - INFO - 접속 중: https://www.theverge.com/archives/elon-musk/2019/7
2025-01-28 21:10:33,813 - INFO - 페이지 2019-7의 3개 기사 수집 완료.
2025-01-28 21:10:36,821 - INFO - 접속 중: https://www.theverge.com/archives/elon-musk/2019/8
2025-01-28 21:10:43,740 - INFO - 페이지 2019-8의 3개 기사 수집 완료.
2025-01-28 21:10:46,746 - INFO - 접속 중: https://www.theverge.com/archives/elon-musk/2019/9
2025-01-28 21:10:53,766 - INFO - 페이지 2019-9의 3개 기사 수집 완료.
2025-01-28 21:10:56,767 - INFO - 접속 중: https://www.theverge.com/archives/elon-musk/2019/10
2025-01-28 21:11:03,735 - INFO - 페이지 2019-10의 6개 기사 수집 완료.
2025-01-28 21:11:06,736 - INFO - 접속 중: https://www.theverge.com/archives/elon-musk/2019/11
2025-01-28 21:11:13,640 - INFO - 페이지 2019-11의 7개 기사 수집 완료.
2025-01-28 21:11:16,644 - INFO - 접속 중: https://www.theverge.com/archives/elon-musk/2019/12
2025-01-28 21:11:24,331 - INFO - 페이지 2019-12의 7개 기사 수집 완료.
2025-01-28 21:11:27,335 - INFO - 접속 중: https://www.theverge.com/archives/elon-musk/2020/1
2025-01-28 21:11:34,189 - INFO - 페이지 2020-1의 2개 기사 수집 완료.
2025-01-28 21:11:37,197 - INFO - 접속 중: https://www.theverge.com/archives/elon-musk/2020/2
2025-01-28 21:11:44,236 - INFO - 페이지 2020-2의 5개 기사 수집 완료.
2025-01-28 21:11:47,240 - INFO - 접속 중: https://www.theverge.com/archives/elon-musk/2020/3
2025-01-28 21:11:54,151 - INFO - 페이지 2020-3의 3개 기사 수집 완료.
2025-01-28 21:11:57,156 - INFO - 접속 중: https://www.theverge.com/archives/elon-musk/2020/4
2025-01-28 21:12:25,659 - INFO - 페이지 2020-4의 3개 기사 수집 완료.
2025-01-28 21:12:28,664 - INFO - 접속 중: https://www.theverge.com/archives/elon-musk/2020/5
2025-01-28 21:12:58,913 - INFO - 페이지 2020-5의 15개 기사 수집 완료.
2025-01-28 21:12:58,927 - INFO - 2020_05 데이터 저장 완료.
2025-01-28 21:13:01,930 - INFO - 접속 중: https://www.theverge.com/archives/elon-musk/2020/6
2025-01-28 21:13:24,787 - INFO - 페이지 2020-6의 5개 기사 수집 완료.
2025-01-28 21:13:27,795 - INFO - 접속 중: https://www.theverge.com/archives/elon-musk/2020/7
2025-01-28 21:13:39,300 - INFO - 페이지 2020-7의 4개 기사 수집 완료.
2025-01-28 21:13:42,301 - INFO - 접속 중: https://www.theverge.com/archives/elon-musk/2020/8
2025-01-28 21:13:49,214 - INFO - 페이지 2020-8의 4개 기사 수집 완료.
2025-01-28 21:13:52,216 - INFO - 접속 중: https://www.theverge.com/archives/elon-musk/2020/9
2025-01-28 21:14:13,366 - INFO - 페이지 2020-9의 4개 기사 수집 완료.
2025-01-28 21:14:16,372 - INFO - 접속 중: https://www.theverge.com/archives/elon-musk/2020/10
2025-01-28 21:14:25,802 - INFO - 페이지 2020-10의 6개 기사 수집 완료.
2025-01-28 21:14:28,803 - INFO - 접속 중: https://www.theverge.com/archives/elon-musk/2020/11
2025-01-28 21:14:35,828 - INFO - 페이지 2020-11의 6개 기사 수집 완료.
2025-01-28 21:14:38,831 - INFO - 접속 중: https://www.theverge.com/archives/elon-musk/2020/12
2025-01-28 21:14:45,793 - INFO - 페이지 2020-12의 7개 기사 수집 완료.
2025-01-28 21:14:48,794 - INFO - 접속 중: https://www.theverge.com/archives/elon-musk/2021/1
2025-01-28 21:14:54,449 - INFO - 페이지 2021-1의 6개 기사 수집 완료.
2025-01-28 21:14:57,452 - INFO - 접속 중: https://www.theverge.com/archives/elon-musk/2021/2
2025-01-28 21:15:04,308 - INFO - 페이지 2021-2의 8개 기사 수집 완료.
2025-01-28 21:15:07,309 - INFO - 접속 중: https://www.theverge.com/archives/elon-musk/2021/3
2025-01-28 21:15:14,400 - INFO - 페이지 2021-3의 8개 기사 수집 완료.
2025-01-28 21:15:17,401 - INFO - 접속 중: https://www.theverge.com/archives/elon-musk/2021/4
2025-01-28 21:15:24,364 - INFO - 페이지 2021-4의 6개 기사 수집 완료.
2025-01-28 21:15:27,372 - INFO - 접속 중: https://www.theverge.com/archives/elon-musk/2021/5
2025-01-28 21:15:33,105 - INFO - 페이지 2021-5의 20개 기사 수집 완료.
2025-01-28 21:15:36,116 - INFO - 접속 중: https://www.theverge.com/archives/elon-musk/2021/6
2025-01-28 21:15:43,621 - INFO - 페이지 2021-6의 8개 기사 수집 완료.
2025-01-28 21:15:46,628 - INFO - 접속 중: https://www.theverge.com/archives/elon-musk/2021/7
2025-01-28 21:15:53,681 - INFO - 페이지 2021-7의 8개 기사 수집 완료.
2025-01-28 21:15:53,688 - INFO - 2021_07 데이터 저장 완료.
2025-01-28 21:15:56,689 - INFO - 접속 중: https://www.theverge.com/archives/elon-musk/2021/8
2025-01-28 21:16:04,047 - INFO - 페이지 2021-8의 9개 기사 수집 완료.
2025-01-28 21:16:07,050 - INFO - 접속 중: https://www.theverge.com/archives/elon-musk/2021/9
2025-01-28 21:16:14,058 - INFO - 페이지 2021-9의 9개 기사 수집 완료.
2025-01-28 21:16:17,063 - INFO - 접속 중: https://www.theverge.com/archives/elon-musk/2021/10
2025-01-28 21:16:25,542 - INFO - 페이지 2021-10의 7개 기사 수집 완료.
2025-01-28 21:16:28,546 - INFO - 접속 중: https://www.theverge.com/archives/elon-musk/2021/11
2025-01-28 21:16:35,657 - INFO - 페이지 2021-11의 8개 기사 수집 완료.
2025-01-28 21:16:38,661 - INFO - 접속 중: https://www.theverge.com/archives/elon-musk/2021/12
2025-01-28 21:16:47,905 - INFO - 페이지 2021-12의 4개 기사 수집 완료.
2025-01-28 21:16:50,906 - INFO - 접속 중: https://www.theverge.com/archives/elon-musk/2022/1
2025-01-28 21:16:56,614 - INFO - 페이지 2022-1의 3개 기사 수집 완료.
2025-01-28 21:16:59,618 - INFO - 접속 중: https://www.theverge.com/archives/elon-musk/2022/2
2025-01-28 21:17:07,303 - INFO - 페이지 2022-2의 7개 기사 수집 완료.
2025-01-28 21:17:10,308 - INFO - 접속 중: https://www.theverge.com/archives/elon-musk/2022/3
2025-01-28 21:17:17,327 - INFO - 페이지 2022-3의 6개 기사 수집 완료.
2025-01-28 21:17:20,330 - INFO - 접속 중: https://www.theverge.com/archives/elon-musk/2022/4
2025-01-28 21:17:27,918 - INFO - 페이지 2022-4의 30개 기사 수집 완료.
2025-01-28 21:17:30,919 - INFO - 접속 중: https://www.theverge.com/archives/elon-musk/2022/5
2025-01-28 21:17:39,034 - INFO - 페이지 2022-5의 19개 기사 수집 완료.
2025-01-28 21:17:39,035 - INFO - 2022_05 데이터 저장 완료.
2025-01-28 21:17:42,040 - INFO - 접속 중: https://www.theverge.com/archives/elon-musk/2022/6
2025-01-28 21:17:49,446 - INFO - 페이지 2022-6의 23개 기사 수집 완료.
2025-01-28 21:17:52,452 - INFO - 접속 중: https://www.theverge.com/archives/elon-musk/2022/7
2025-01-28 21:17:59,875 - INFO - 페이지 2022-7의 26개 기사 수집 완료.
2025-01-28 21:18:02,877 - INFO - 접속 중: https://www.theverge.com/archives/elon-musk/2022/8
2025-01-28 21:18:10,452 - INFO - 페이지 2022-8의 30개 기사 수집 완료.
2025-01-28 21:18:13,458 - INFO - 접속 중: https://www.theverge.com/archives/elon-musk/2022/9
2025-01-28 21:18:45,062 - INFO - 페이지 2022-9의 19개 기사 수집 완료.
2025-01-28 21:18:48,067 - INFO - 접속 중: https://www.theverge.com/archives/elon-musk/2022/10
2025-01-28 21:19:20,770 - INFO - 페이지 2022-10의 30개 기사 수집 완료.
2025-01-28 21:19:20,773 - INFO - 2022_10 데이터 저장 완료.
2025-01-28 21:19:23,776 - INFO - 접속 중: https://www.theverge.com/archives/elon-musk/2022/11
2025-01-28 21:19:54,710 - INFO - 페이지 2022-11의 30개 기사 수집 완료.
2025-01-28 21:19:57,711 - INFO - 접속 중: https://www.theverge.com/archives/elon-musk/2022/12
2025-01-28 21:20:28,315 - INFO - 페이지 2022-12의 30개 기사 수집 완료.
2025-01-28 21:20:31,317 - INFO - 접속 중: https://www.theverge.com/archives/elon-musk/2023/1
2025-01-28 21:20:56,282 - INFO - 페이지 2023-1의 30개 기사 수집 완료.
2025-01-28 21:20:59,288 - INFO - 접속 중: https://www.theverge.com/archives/elon-musk/2023/2
2025-01-28 21:21:09,255 - INFO - 페이지 2023-2의 30개 기사 수집 완료.
2025-01-28 21:21:09,262 - INFO - 2023_02 데이터 저장 완료.
2025-01-28 21:21:12,264 - INFO - 접속 중: https://www.theverge.com/archives/elon-musk/2023/3
2025-01-28 21:21:19,647 - INFO - 페이지 2023-3의 30개 기사 수집 완료.
2025-01-28 21:21:22,653 - INFO - 접속 중: https://www.theverge.com/archives/elon-musk/2023/4
2025-01-28 21:21:30,145 - INFO - 페이지 2023-4의 30개 기사 수집 완료.
2025-01-28 21:21:33,146 - INFO - 접속 중: https://www.theverge.com/archives/elon-musk/2023/5
2025-01-28 21:21:40,774 - INFO - 페이지 2023-5의 30개 기사 수집 완료.
2025-01-28 21:21:43,780 - INFO - 접속 중: https://www.theverge.com/archives/elon-musk/2023/6
2025-01-28 21:21:51,107 - INFO - 페이지 2023-6의 26개 기사 수집 완료.
2025-01-28 21:21:51,113 - INFO - 2023_06 데이터 저장 완료.
2025-01-28 21:21:54,117 - INFO - 접속 중: https://www.theverge.com/archives/elon-musk/2023/7
2025-01-28 21:22:01,556 - INFO - 페이지 2023-7의 30개 기사 수집 완료.
2025-01-28 21:22:04,562 - INFO - 접속 중: https://www.theverge.com/archives/elon-musk/2023/8
2025-01-28 21:22:12,180 - INFO - 페이지 2023-8의 30개 기사 수집 완료.
2025-01-28 21:22:15,181 - INFO - 접속 중: https://www.theverge.com/archives/elon-musk/2023/9
2025-01-28 21:22:22,383 - INFO - 페이지 2023-9의 17개 기사 수집 완료.
2025-01-28 21:22:25,388 - INFO - 접속 중: https://www.theverge.com/archives/elon-musk/2023/10
2025-01-28 21:22:32,870 - INFO - 페이지 2023-10의 30개 기사 수집 완료.
2025-01-28 21:22:32,870 - INFO - 2023_10 데이터 저장 완료.
2025-01-28 21:22:35,883 - INFO - 접속 중: https://www.theverge.com/archives/elon-musk/2023/11
2025-01-28 21:22:43,511 - INFO - 페이지 2023-11의 30개 기사 수집 완료.
2025-01-28 21:22:46,514 - INFO - 접속 중: https://www.theverge.com/archives/elon-musk/2023/12
2025-01-28 21:22:53,606 - INFO - 페이지 2023-12의 13개 기사 수집 완료.
2025-01-28 21:22:56,607 - INFO - 접속 중: https://www.theverge.com/archives/elon-musk/2024/1
2025-01-28 21:23:02,335 - INFO - 페이지 2024-1의 13개 기사 수집 완료.
2025-01-28 21:23:05,337 - INFO - 접속 중: https://www.theverge.com/archives/elon-musk/2024/2
2025-01-28 21:23:12,249 - INFO - 페이지 2024-2의 12개 기사 수집 완료.
2025-01-28 21:23:15,255 - INFO - 접속 중: https://www.theverge.com/archives/elon-musk/2024/3
2025-01-28 21:23:22,554 - INFO - 페이지 2024-3의 20개 기사 수집 완료.
2025-01-28 21:23:25,555 - INFO - 접속 중: https://www.theverge.com/archives/elon-musk/2024/4
2025-01-28 21:23:33,031 - INFO - 페이지 2024-4의 23개 기사 수집 완료.
2025-01-28 21:23:33,041 - INFO - 2024_04 데이터 저장 완료.
2025-01-28 21:23:36,044 - INFO - 접속 중: https://www.theverge.com/archives/elon-musk/2024/5
2025-01-28 21:23:43,109 - INFO - 페이지 2024-5의 13개 기사 수집 완료.
2025-01-28 21:23:46,110 - INFO - 접속 중: https://www.theverge.com/archives/elon-musk/2024/6
2025-01-28 21:23:53,369 - INFO - 페이지 2024-6의 21개 기사 수집 완료.
2025-01-28 21:23:56,376 - INFO - 접속 중: https://www.theverge.com/archives/elon-musk/2024/7
2025-01-28 21:24:03,684 - INFO - 페이지 2024-7의 15개 기사 수집 완료.
2025-01-28 21:24:06,687 - INFO - 접속 중: https://www.theverge.com/archives/elon-musk/2024/8
2025-01-28 21:24:14,143 - INFO - 페이지 2024-8의 28개 기사 수집 완료.
2025-01-28 21:24:17,149 - INFO - 접속 중: https://www.theverge.com/archives/elon-musk/2024/9
2025-01-28 21:24:24,169 - INFO - 페이지 2024-9의 12개 기사 수집 완료.
2025-01-28 21:24:27,170 - INFO - 접속 중: https://www.theverge.com/archives/elon-musk/2024/10
2025-01-28 21:24:34,768 - INFO - 페이지 2024-10의 25개 기사 수집 완료.
2025-01-28 21:24:34,770 - INFO - 2024_10 데이터 저장 완료.
2025-01-28 21:24:37,775 - INFO - 접속 중: https://www.theverge.com/archives/elon-musk/2024/11
2025-01-28 21:24:45,161 - INFO - 페이지 2024-11의 30개 기사 수집 완료.
2025-01-28 21:24:48,162 - INFO - 접속 중: https://www.theverge.com/archives/elon-musk/2024/12
2025-01-28 21:24:55,739 - INFO - 페이지 2024-12의 12개 기사 수집 완료.
2025-01-28 21:24:58,741 - INFO - 접속 중: https://www.theverge.com/archives/elon-musk/2025/1
2025-01-28 21:25:06,034 - INFO - 페이지 2025-1의 25개 기사 수집 완료.
2025-01-28 21:25:09,044 - INFO - 최종적으로 67개의 기사를 저장했습니다.
2025-01-28 21:25:12,083 - INFO - 브라우저를 종료했습니다.
